<?xml version="1.0" encoding="UTF-8"?>
<!-- Generated by org.testng.reporters.JUnitXMLReporter -->
<testsuite hostname="DESKTOP-EK7LB1N" ignored="0" name="Test" tests="1" failures="1" timestamp="24 Apr 2018 11:01:52 GMT" time="18.137" errors="0">
  <testcase name="login" time="0.027" classname="com.naukri.updateProfile.nLogin">
    <failure type="java.lang.NullPointerException">
      <![CDATA[java.lang.NullPointerException
at com.naukri.pageObjects.n_pom.openURL(n_pom.java:12)
at com.naukri.updateProfile.nLogin.login(nLogin.java:21)
... Removed 25 stack frames]]>
    </failure>
  </testcase> <!-- login -->
</testsuite> <!-- Test -->
