<?xml version="1.0" encoding="UTF-8"?>
<testng-results skipped="0" failed="0" ignored="0" total="3" passed="3">
  <reporter-output>
  </reporter-output>
  <suite name="com.naukri.updateProfile.nTest" duration-ms="84615" started-at="2018-04-25T15:36:40Z" finished-at="2018-04-25T15:38:05Z">
    <groups>
    </groups>
    <test name="Command line test" duration-ms="84615" started-at="2018-04-25T15:36:40Z" finished-at="2018-04-25T15:38:05Z">
      <class name="com.naukri.updateProfile.nTest">
        <test-method status="PASS" signature="launchBrowser()[pri:0, instance:com.naukri.updateProfile.nTest@7a5d012c]" name="launchBrowser" is-config="true" duration-ms="25951" started-at="2018-04-25T15:36:40Z" finished-at="2018-04-25T15:37:06Z">
          <reporter-output>
          </reporter-output>
        </test-method> <!-- launchBrowser -->
        <test-method status="PASS" signature="openURL()[pri:1, instance:com.naukri.updateProfile.nTest@7a5d012c]" name="openURL" duration-ms="12913" started-at="2018-04-25T15:37:06Z" finished-at="2018-04-25T15:37:19Z">
          <reporter-output>
          </reporter-output>
        </test-method> <!-- openURL -->
        <test-method status="PASS" signature="closeAllBrowsers()[pri:2, instance:com.naukri.updateProfile.nTest@7a5d012c]" name="closeAllBrowsers" duration-ms="631" started-at="2018-04-25T15:37:19Z" finished-at="2018-04-25T15:37:20Z">
          <reporter-output>
          </reporter-output>
        </test-method> <!-- closeAllBrowsers -->
        <test-method status="PASS" signature="selectLogin()[pri:3, instance:com.naukri.updateProfile.nTest@7a5d012c]" name="selectLogin" duration-ms="42492" started-at="2018-04-25T15:37:20Z" finished-at="2018-04-25T15:38:02Z">
          <reporter-output>
          </reporter-output>
        </test-method> <!-- selectLogin -->
        <test-method status="PASS" signature="closeAllWindows()[pri:0, instance:com.naukri.updateProfile.nTest@7a5d012c]" name="closeAllWindows" is-config="true" duration-ms="2538" started-at="2018-04-25T15:38:02Z" finished-at="2018-04-25T15:38:05Z">
          <reporter-output>
          </reporter-output>
        </test-method> <!-- closeAllWindows -->
      </class> <!-- com.naukri.updateProfile.nTest -->
    </test> <!-- Command line test -->
  </suite> <!-- com.naukri.updateProfile.nTest -->
</testng-results>
