<?xml version="1.0" encoding="UTF-8"?>
<testng-results skipped="0" failed="1" ignored="0" total="7" passed="6">
  <reporter-output>
  </reporter-output>
  <suite name="Default suite" duration-ms="47064" started-at="2018-04-30T06:58:52Z" finished-at="2018-04-30T06:59:39Z">
    <groups>
    </groups>
    <test name="Default test" duration-ms="47064" started-at="2018-04-30T06:58:52Z" finished-at="2018-04-30T06:59:39Z">
      <class name="com.naukri.updateProfile.nTest">
        <test-method status="PASS" signature="launchBrowser()[pri:0, instance:com.naukri.updateProfile.nTest@3e6fa38a]" name="launchBrowser" is-config="true" duration-ms="9932" started-at="2018-04-30T06:58:52Z" finished-at="2018-04-30T06:59:02Z">
          <reporter-output>
          </reporter-output>
        </test-method> <!-- launchBrowser -->
        <test-method status="PASS" signature="openURL()[pri:1, instance:com.naukri.updateProfile.nTest@3e6fa38a]" name="openURL" duration-ms="8259" started-at="2018-04-30T06:59:02Z" finished-at="2018-04-30T06:59:10Z">
          <reporter-output>
          </reporter-output>
        </test-method> <!-- openURL -->
        <test-method status="PASS" signature="closeAllBrowsers()[pri:2, instance:com.naukri.updateProfile.nTest@3e6fa38a]" name="closeAllBrowsers" duration-ms="121" started-at="2018-04-30T06:59:10Z" finished-at="2018-04-30T06:59:10Z">
          <reporter-output>
          </reporter-output>
        </test-method> <!-- closeAllBrowsers -->
        <test-method status="PASS" signature="selectLogin()[pri:3, instance:com.naukri.updateProfile.nTest@3e6fa38a]" name="selectLogin" duration-ms="7241" started-at="2018-04-30T06:59:10Z" finished-at="2018-04-30T06:59:17Z">
          <reporter-output>
          </reporter-output>
        </test-method> <!-- selectLogin -->
        <test-method status="PASS" signature="selectProfile()[pri:4, instance:com.naukri.updateProfile.nTest@3e6fa38a]" name="selectProfile" duration-ms="7565" started-at="2018-04-30T06:59:17Z" finished-at="2018-04-30T06:59:25Z">
          <reporter-output>
          </reporter-output>
        </test-method> <!-- selectProfile -->
        <test-method status="PASS" signature="deleteResume()[pri:5, instance:com.naukri.updateProfile.nTest@3e6fa38a]" name="deleteResume" duration-ms="10959" started-at="2018-04-30T06:59:25Z" finished-at="2018-04-30T06:59:36Z">
          <reporter-output>
          </reporter-output>
        </test-method> <!-- deleteResume -->
        <test-method status="PASS" signature="uploadResume()[pri:6, instance:com.naukri.updateProfile.nTest@3e6fa38a]" name="uploadResume" duration-ms="1496" started-at="2018-04-30T06:59:36Z" finished-at="2018-04-30T06:59:37Z">
          <reporter-output>
          </reporter-output>
        </test-method> <!-- uploadResume -->
        <test-method status="FAIL" signature="logout()[pri:7, instance:com.naukri.updateProfile.nTest@3e6fa38a]" name="logout" duration-ms="351" started-at="2018-04-30T06:59:37Z" finished-at="2018-04-30T06:59:38Z">
          <exception class="org.openqa.selenium.WebDriverException">
            <message>
              <![CDATA[unknown error: Element <a href="https://login.naukri.com/nLogin/....php" title="Logout">Logout</a> is not clickable at point (1072, 168). Other element would receive the click: <a href="https://resume.naukri.com/subscription" title="...">My Fastforward Services</a>
  (Session info: chrome=65.0.3325.181)
  (Driver info: chromedriver=2.36.540470 (e522d04694c7ebea4ba8821272dbef4f9b818c91),platform=Windows NT 10.0.16299 x86_64) (WARNING: The server did not provide any stacktrace information)
Command duration or timeout: 0 milliseconds
Build info: version: '3.11.0', revision: 'e59cfb3', time: '2018-03-11T20:26:55.152Z'
System info: host: 'DESKTOP-EK7LB1N', ip: '192.168.252.2', os.name: 'Windows 10', os.arch: 'amd64', os.version: '10.0', java.version: '1.8.0_151'
Driver info: org.openqa.selenium.chrome.ChromeDriver
Capabilities {acceptInsecureCerts: false, acceptSslCerts: false, applicationCacheEnabled: false, browserConnectionEnabled: false, browserName: chrome, chrome: {chromedriverVersion: 2.36.540470 (e522d04694c7eb..., userDataDir: C:\Users\tabju\AppData\Loca...}, cssSelectorsEnabled: true, databaseEnabled: false, handlesAlerts: true, hasTouchScreen: false, javascriptEnabled: true, locationContextEnabled: true, mobileEmulationEnabled: false, nativeEvents: true, networkConnectionEnabled: false, pageLoadStrategy: normal, platform: XP, platformName: XP, rotatable: false, setWindowRect: true, takesHeapSnapshot: true, takesScreenshot: true, unexpectedAlertBehaviour: , unhandledPromptBehavior: , version: 65.0.3325.181, webStorageEnabled: true}
Session ID: fa0b229b5e60585e57741b6de30e44b2]]>
            </message>
            <full-stacktrace>
              <![CDATA[org.openqa.selenium.WebDriverException: unknown error: Element <a href="https://login.naukri.com/nLogin/....php" title="Logout">Logout</a> is not clickable at point (1072, 168). Other element would receive the click: <a href="https://resume.naukri.com/subscription" title="...">My Fastforward Services</a>
  (Session info: chrome=65.0.3325.181)
  (Driver info: chromedriver=2.36.540470 (e522d04694c7ebea4ba8821272dbef4f9b818c91),platform=Windows NT 10.0.16299 x86_64) (WARNING: The server did not provide any stacktrace information)
Command duration or timeout: 0 milliseconds
Build info: version: '3.11.0', revision: 'e59cfb3', time: '2018-03-11T20:26:55.152Z'
System info: host: 'DESKTOP-EK7LB1N', ip: '192.168.252.2', os.name: 'Windows 10', os.arch: 'amd64', os.version: '10.0', java.version: '1.8.0_151'
Driver info: org.openqa.selenium.chrome.ChromeDriver
Capabilities {acceptInsecureCerts: false, acceptSslCerts: false, applicationCacheEnabled: false, browserConnectionEnabled: false, browserName: chrome, chrome: {chromedriverVersion: 2.36.540470 (e522d04694c7eb..., userDataDir: C:\Users\tabju\AppData\Loca...}, cssSelectorsEnabled: true, databaseEnabled: false, handlesAlerts: true, hasTouchScreen: false, javascriptEnabled: true, locationContextEnabled: true, mobileEmulationEnabled: false, nativeEvents: true, networkConnectionEnabled: false, pageLoadStrategy: normal, platform: XP, platformName: XP, rotatable: false, setWindowRect: true, takesHeapSnapshot: true, takesScreenshot: true, unexpectedAlertBehaviour: , unhandledPromptBehavior: , version: 65.0.3325.181, webStorageEnabled: true}
Session ID: fa0b229b5e60585e57741b6de30e44b2
at sun.reflect.NativeConstructorAccessorImpl.newInstance0(Native Method)
at sun.reflect.NativeConstructorAccessorImpl.newInstance(NativeConstructorAccessorImpl.java:62)
at sun.reflect.DelegatingConstructorAccessorImpl.newInstance(DelegatingConstructorAccessorImpl.java:45)
at java.lang.reflect.Constructor.newInstance(Constructor.java:423)
at org.openqa.selenium.remote.ErrorHandler.createThrowable(ErrorHandler.java:214)
at org.openqa.selenium.remote.ErrorHandler.throwIfResponseFailed(ErrorHandler.java:166)
at org.openqa.selenium.remote.http.JsonHttpResponseCodec.reconstructValue(JsonHttpResponseCodec.java:40)
at org.openqa.selenium.remote.http.AbstractHttpResponseCodec.decode(AbstractHttpResponseCodec.java:80)
at org.openqa.selenium.remote.http.AbstractHttpResponseCodec.decode(AbstractHttpResponseCodec.java:44)
at org.openqa.selenium.remote.HttpCommandExecutor.execute(HttpCommandExecutor.java:158)
at org.openqa.selenium.remote.service.DriverCommandExecutor.execute(DriverCommandExecutor.java:83)
at org.openqa.selenium.remote.RemoteWebDriver.execute(RemoteWebDriver.java:545)
at org.openqa.selenium.remote.RemoteWebElement.execute(RemoteWebElement.java:279)
at org.openqa.selenium.remote.RemoteWebElement.click(RemoteWebElement.java:83)
at com.naukri.updateProfile.nTest.logout(nTest.java:165)
at sun.reflect.NativeMethodAccessorImpl.invoke0(Native Method)
at sun.reflect.NativeMethodAccessorImpl.invoke(NativeMethodAccessorImpl.java:62)
at sun.reflect.DelegatingMethodAccessorImpl.invoke(DelegatingMethodAccessorImpl.java:43)
at java.lang.reflect.Method.invoke(Method.java:498)
at org.testng.internal.MethodInvocationHelper.invokeMethod(MethodInvocationHelper.java:124)
at org.testng.internal.Invoker.invokeMethod(Invoker.java:580)
at org.testng.internal.Invoker.invokeTestMethod(Invoker.java:716)
at org.testng.internal.Invoker.invokeTestMethods(Invoker.java:988)
at org.testng.internal.TestMethodWorker.invokeTestMethods(TestMethodWorker.java:125)
at org.testng.internal.TestMethodWorker.run(TestMethodWorker.java:109)
at org.testng.TestRunner.privateRun(TestRunner.java:648)
at org.testng.TestRunner.run(TestRunner.java:505)
at org.testng.SuiteRunner.runTest(SuiteRunner.java:455)
at org.testng.SuiteRunner.runSequentially(SuiteRunner.java:450)
at org.testng.SuiteRunner.privateRun(SuiteRunner.java:415)
at org.testng.SuiteRunner.run(SuiteRunner.java:364)
at org.testng.SuiteRunnerWorker.runSuite(SuiteRunnerWorker.java:52)
at org.testng.SuiteRunnerWorker.run(SuiteRunnerWorker.java:84)
at org.testng.TestNG.runSuitesSequentially(TestNG.java:1208)
at org.testng.TestNG.runSuitesLocally(TestNG.java:1137)
at org.testng.TestNG.runSuites(TestNG.java:1049)
at org.testng.TestNG.run(TestNG.java:1017)
at org.testng.remote.AbstractRemoteTestNG.run(AbstractRemoteTestNG.java:114)
at org.testng.remote.RemoteTestNG.initAndRun(RemoteTestNG.java:251)
at org.testng.remote.RemoteTestNG.main(RemoteTestNG.java:77)
]]>
            </full-stacktrace>
          </exception> <!-- org.openqa.selenium.WebDriverException -->
          <reporter-output>
          </reporter-output>
        </test-method> <!-- logout -->
        <test-method status="PASS" signature="tearDown()[pri:0, instance:com.naukri.updateProfile.nTest@3e6fa38a]" name="tearDown" is-config="true" duration-ms="1010" started-at="2018-04-30T06:59:38Z" finished-at="2018-04-30T06:59:39Z">
          <reporter-output>
          </reporter-output>
        </test-method> <!-- tearDown -->
      </class> <!-- com.naukri.updateProfile.nTest -->
    </test> <!-- Default test -->
  </suite> <!-- Default suite -->
</testng-results>
